Using pre-set license
Built from '2020.3/staging' branch; Version is '2020.3.11f1 (99c7afb366b3) revision 10078127'; Using compiler version '192528614'; Build Type 'Release'
OS: 'Windows 10 Pro; OS build 19043.1526; Version 2009; 64bit' Language: 'ru' Physical Memory: 8061 MB
BatchMode: 1, IsHumanControllingUs: 0, StartBugReporterOnCrash: 0, Is64bit: 1, IsPro: 0

 COMMAND LINE ARGUMENTS:
C:\Users\lenovo\Desktop\Проекты\Unity\2020.3.11f1\Editor\Unity.exe
-adb2
-batchMode
-noUpm
-name
AssetImportWorker2
-projectPath
C:/Users/lenovo/Desktop/Projects/XYZ
-logFile
Logs/AssetImportWorker2.log
-srvPort
65242
Successfully changed project path to: C:/Users/lenovo/Desktop/Projects/XYZ
C:/Users/lenovo/Desktop/Projects/XYZ
Using Asset Import Pipeline V2.
Refreshing native plugins compatible for Editor in 69.68 ms, found 3 plugins.
Preloading 0 native plugins for Editor in 0.00 ms.
Initialize engine version: 2020.3.11f1 (99c7afb366b3)
[Subsystems] Discovering subsystems at path C:/Users/lenovo/Desktop/Проекты/Unity/2020.3.11f1/Editor/Data/Resources/UnitySubsystems
[Subsystems] Discovering subsystems at path C:/Users/lenovo/Desktop/Projects/XYZ/Assets
GfxDevice: creating device client; threaded=0
Direct3D:
    Version:  Direct3D 11.0 [level 11.1]
    Renderer: NVIDIA GeForce RTX 2060 (ID=0x1f15)
    Vendor:   
    VRAM:     5980 MB
    Driver:   30.0.14.9729
Initialize mono
Mono path[0] = 'C:/Users/lenovo/Desktop/Проекты/Unity/2020.3.11f1/Editor/Data/Managed'
Mono path[1] = 'C:/Users/lenovo/Desktop/Проекты/Unity/2020.3.11f1/Editor/Data/MonoBleedingEdge/lib/mono/unityjit'
Mono config path = 'C:/Users/lenovo/Desktop/Проекты/Unity/2020.3.11f1/Editor/Data/MonoBleedingEdge/etc'
Using monoOptions --debugger-agent=transport=dt_socket,embedding=1,server=y,suspend=n,address=127.0.0.1:56260
Begin MonoManager ReloadAssembly
Registering precompiled unity dll's ...
Register platform support module: C:/Users/lenovo/Desktop/Проекты/Unity/2020.3.11f1/Editor/Data/PlaybackEngines/MacStandaloneSupport/UnityEditor.OSXStandalone.Extensions.dll
Register platform support module: C:/Users/lenovo/Desktop/Проекты/Unity/2020.3.11f1/Editor/Data/PlaybackEngines/WindowsStandaloneSupport/UnityEditor.WindowsStandalone.Extensions.dll
Registered in 0.001777 seconds.
Native extension for WindowsStandalone target not found
Native extension for OSXStandalone target not found
Refreshing native plugins compatible for Editor in 65.87 ms, found 3 plugins.
Preloading 0 native plugins for Editor in 0.00 ms.
Mono: successfully reloaded assembly
- Completed reload, in  4.394 seconds
Platform modules already initialized, skipping
Registering precompiled user dll's ...
Registered in 0.003717 seconds.
Begin MonoManager ReloadAssembly
Native extension for WindowsStandalone target not found
Native extension for OSXStandalone target not found
Refreshing native plugins compatible for Editor in 73.36 ms, found 3 plugins.
Preloading 0 native plugins for Editor in 0.00 ms.
Mono: successfully reloaded assembly
- Completed reload, in  1.174 seconds
Platform modules already initialized, skipping
========================================================================
Worker process is ready to serve import requests
Launched and connected shader compiler UnityShaderCompiler.exe after 0.04 seconds
Refreshing native plugins compatible for Editor in 0.72 ms, found 3 plugins.
Preloading 0 native plugins for Editor in 0.00 ms.
Unloading 2632 Unused Serialized files (Serialized files now loaded: 0)
System memory in use before: 114.3 MB.
System memory in use after: 114.5 MB.

Unloading 30 unused Assets to reduce memory usage. Loaded Objects now: 3079.
Total: 3.262300 ms (FindLiveObjects: 0.335200 ms CreateObjectMapping: 0.127800 ms MarkObjects: 2.762300 ms  DeleteObjects: 0.035100 ms)

========================================================================
Received Import Request.
  path: Assets/Prefabs/Creatures/Hero/PearlHeroProjectile.prefab
  artifactKey: Guid(f175254353656b541b3dbd5744681c97) Importer(815301076,1909f56bfc062723c751e8b465ee728b)
Start importing Assets/Prefabs/Creatures/Hero/PearlHeroProjectile.prefab using Guid(f175254353656b541b3dbd5744681c97) Importer(815301076,1909f56bfc062723c751e8b465ee728b)  -> (artifact id: '117f088243d0eeaa7c01effb42ba5eae') in 0.094396 seconds
  Import took 0.099754 seconds .

========================================================================
Received Import Request.
  Time since last request: 0.002716 seconds.
  path: Assets/Prefabs/Creatures/Hero/PearlHeroProjectile.prefab
  artifactKey: Guid(f175254353656b541b3dbd5744681c97) Importer(815301076,1909f56bfc062723c751e8b465ee728b)
Start importing Assets/Prefabs/Creatures/Hero/PearlHeroProjectile.prefab using Guid(f175254353656b541b3dbd5744681c97) Importer(815301076,1909f56bfc062723c751e8b465ee728b)  -> (artifact id: '117f088243d0eeaa7c01effb42ba5eae') in 0.008716 seconds
  Import took 0.012955 seconds .

========================================================================
Received Prepare
Registering precompiled user dll's ...
Registered in 0.003515 seconds.
Begin MonoManager ReloadAssembly
Native extension for WindowsStandalone target not found
Native extension for OSXStandalone target not found
Refreshing native plugins compatible for Editor in 0.76 ms, found 3 plugins.
Preloading 0 native plugins for Editor in 0.00 ms.
Mono: successfully reloaded assembly
- Completed reload, in  1.057 seconds
Platform modules already initialized, skipping
Refreshing native plugins compatible for Editor in 0.84 ms, found 3 plugins.
Preloading 0 native plugins for Editor in 0.00 ms.
Unloading 2619 Unused Serialized files (Serialized files now loaded: 0)
System memory in use before: 116.8 MB.
System memory in use after: 117.0 MB.

Unloading 17 unused Assets to reduce memory usage. Loaded Objects now: 3090.
Total: 3.477700 ms (FindLiveObjects: 0.362400 ms CreateObjectMapping: 0.127600 ms MarkObjects: 2.955500 ms  DeleteObjects: 0.030300 ms)

========================================================================
Received Prepare
Registering precompiled user dll's ...
Registered in 0.003569 seconds.
Begin MonoManager ReloadAssembly
Native extension for WindowsStandalone target not found
Native extension for OSXStandalone target not found
Refreshing native plugins compatible for Editor in 0.88 ms, found 3 plugins.
Preloading 0 native plugins for Editor in 0.00 ms.
Mono: successfully reloaded assembly
- Completed reload, in  1.021 seconds
Platform modules already initialized, skipping
Refreshing native plugins compatible for Editor in 0.74 ms, found 3 plugins.
Preloading 0 native plugins for Editor in 0.00 ms.
Unloading 2619 Unused Serialized files (Serialized files now loaded: 0)
System memory in use before: 116.9 MB.
System memory in use after: 117.1 MB.

Unloading 17 unused Assets to reduce memory usage. Loaded Objects now: 3094.
Total: 2.564800 ms (FindLiveObjects: 0.331100 ms CreateObjectMapping: 0.129600 ms MarkObjects: 2.071300 ms  DeleteObjects: 0.031100 ms)

========================================================================
Received Prepare
Registering precompiled user dll's ...
Registered in 0.004163 seconds.
Begin MonoManager ReloadAssembly
Native extension for WindowsStandalone target not found
Native extension for OSXStandalone target not found
Refreshing native plugins compatible for Editor in 0.74 ms, found 3 plugins.
Preloading 0 native plugins for Editor in 0.00 ms.
Mono: successfully reloaded assembly
- Completed reload, in  1.030 seconds
Platform modules already initialized, skipping
Refreshing native plugins compatible for Editor in 0.80 ms, found 3 plugins.
Preloading 0 native plugins for Editor in 0.00 ms.
Unloading 2619 Unused Serialized files (Serialized files now loaded: 0)
System memory in use before: 116.9 MB.
System memory in use after: 117.1 MB.

Unloading 17 unused Assets to reduce memory usage. Loaded Objects now: 3098.
Total: 2.476300 ms (FindLiveObjects: 0.332700 ms CreateObjectMapping: 0.117700 ms MarkObjects: 1.995600 ms  DeleteObjects: 0.028300 ms)

========================================================================
Received Prepare
Registering precompiled user dll's ...
Registered in 0.003439 seconds.
Begin MonoManager ReloadAssembly
Native extension for WindowsStandalone target not found
Native extension for OSXStandalone target not found
Refreshing native plugins compatible for Editor in 0.78 ms, found 3 plugins.
Preloading 0 native plugins for Editor in 0.00 ms.
Mono: successfully reloaded assembly
- Completed reload, in  1.068 seconds
Platform modules already initialized, skipping
Refreshing native plugins compatible for Editor in 0.89 ms, found 3 plugins.
Preloading 0 native plugins for Editor in 0.00 ms.
Unloading 2619 Unused Serialized files (Serialized files now loaded: 0)
System memory in use before: 116.9 MB.
System memory in use after: 117.1 MB.

Unloading 17 unused Assets to reduce memory usage. Loaded Objects now: 3102.
Total: 3.126000 ms (FindLiveObjects: 0.534600 ms CreateObjectMapping: 0.075900 ms MarkObjects: 2.484300 ms  DeleteObjects: 0.028300 ms)

