Using pre-set license
Built from '2020.3/staging' branch; Version is '2020.3.11f1 (99c7afb366b3) revision 10078127'; Using compiler version '192528614'; Build Type 'Release'
OS: 'Windows 10 Pro; OS build 19043.1415; Version 2009; 64bit' Language: 'ru' Physical Memory: 8061 MB
BatchMode: 1, IsHumanControllingUs: 0, StartBugReporterOnCrash: 0, Is64bit: 1, IsPro: 0

 COMMAND LINE ARGUMENTS:
C:\Users\lenovo\Desktop\Проекты\Unity\2020.3.11f1\Editor\Unity.exe
-adb2
-batchMode
-noUpm
-name
AssetImportWorker0
-projectPath
C:/Users/lenovo/Desktop/Projects/XYZ
-logFile
Logs/AssetImportWorker0.log
-srvPort
62215
Successfully changed project path to: C:/Users/lenovo/Desktop/Projects/XYZ
C:/Users/lenovo/Desktop/Projects/XYZ
Using Asset Import Pipeline V2.
Refreshing native plugins compatible for Editor in 117.10 ms, found 3 plugins.
Preloading 0 native plugins for Editor in 0.00 ms.
Initialize engine version: 2020.3.11f1 (99c7afb366b3)
[Subsystems] Discovering subsystems at path C:/Users/lenovo/Desktop/Проекты/Unity/2020.3.11f1/Editor/Data/Resources/UnitySubsystems
[Subsystems] Discovering subsystems at path C:/Users/lenovo/Desktop/Projects/XYZ/Assets
GfxDevice: creating device client; threaded=0
Direct3D:
    Version:  Direct3D 11.0 [level 11.1]
    Renderer: NVIDIA GeForce RTX 2060 (ID=0x1f15)
    Vendor:   
    VRAM:     5980 MB
    Driver:   30.0.14.9729
Initialize mono
Mono path[0] = 'C:/Users/lenovo/Desktop/Проекты/Unity/2020.3.11f1/Editor/Data/Managed'
Mono path[1] = 'C:/Users/lenovo/Desktop/Проекты/Unity/2020.3.11f1/Editor/Data/MonoBleedingEdge/lib/mono/unityjit'
Mono config path = 'C:/Users/lenovo/Desktop/Проекты/Unity/2020.3.11f1/Editor/Data/MonoBleedingEdge/etc'
Using monoOptions --debugger-agent=transport=dt_socket,embedding=1,server=y,suspend=n,address=127.0.0.1:56020
Begin MonoManager ReloadAssembly
Registering precompiled unity dll's ...
Register platform support module: C:/Users/lenovo/Desktop/Проекты/Unity/2020.3.11f1/Editor/Data/PlaybackEngines/MacStandaloneSupport/UnityEditor.OSXStandalone.Extensions.dll
Register platform support module: C:/Users/lenovo/Desktop/Проекты/Unity/2020.3.11f1/Editor/Data/PlaybackEngines/WindowsStandaloneSupport/UnityEditor.WindowsStandalone.Extensions.dll
Registered in 0.002745 seconds.
Native extension for WindowsStandalone target not found
Native extension for OSXStandalone target not found
Refreshing native plugins compatible for Editor in 132.21 ms, found 3 plugins.
Preloading 0 native plugins for Editor in 0.00 ms.
Mono: successfully reloaded assembly
- Completed reload, in  3.348 seconds
Platform modules already initialized, skipping
Registering precompiled user dll's ...
Registered in 0.006235 seconds.
Begin MonoManager ReloadAssembly
Native extension for WindowsStandalone target not found
Native extension for OSXStandalone target not found
Refreshing native plugins compatible for Editor in 176.73 ms, found 3 plugins.
Preloading 0 native plugins for Editor in 0.00 ms.
Mono: successfully reloaded assembly
- Completed reload, in  2.274 seconds
Platform modules already initialized, skipping
========================================================================
Worker process is ready to serve import requests
Launched and connected shader compiler UnityShaderCompiler.exe after 0.05 seconds
Refreshing native plugins compatible for Editor in 0.89 ms, found 3 plugins.
Preloading 0 native plugins for Editor in 0.00 ms.
Unloading 2587 Unused Serialized files (Serialized files now loaded: 0)
System memory in use before: 113.2 MB.
System memory in use after: 113.4 MB.

Unloading 30 unused Assets to reduce memory usage. Loaded Objects now: 3034.
Total: 3.645300 ms (FindLiveObjects: 0.461900 ms CreateObjectMapping: 0.164000 ms MarkObjects: 2.980400 ms  DeleteObjects: 0.036200 ms)

========================================================================
Received Import Request.
  path: Assets/Components/Health
  artifactKey: Guid(33bb593511434309af5326e3c4cbe061) Importer(815301076,1909f56bfc062723c751e8b465ee728b)
Start importing Assets/Components/Health using Guid(33bb593511434309af5326e3c4cbe061) Importer(815301076,1909f56bfc062723c751e8b465ee728b)  -> (artifact id: 'b42f00f04f67e4e0c31d03f9db4f8dce') in 0.009679 seconds
  Import took 0.018322 seconds .

========================================================================
Received Import Request.
  Time since last request: 0.000539 seconds.
  path: Assets/Components/ColliderBased
  artifactKey: Guid(56215c7a36f4482cb28e6564e8398d57) Importer(815301076,1909f56bfc062723c751e8b465ee728b)
Start importing Assets/Components/ColliderBased using Guid(56215c7a36f4482cb28e6564e8398d57) Importer(815301076,1909f56bfc062723c751e8b465ee728b)  -> (artifact id: '99e827171d3d9b7f3f999b79748c6ef9') in 0.004647 seconds
  Import took 0.013274 seconds .

========================================================================
Received Import Request.
  Time since last request: 5.410113 seconds.
  path: Assets/Scenes/PixelGame.unity
  artifactKey: Guid(ab233b1f0b282b44092d9e6393d112f6) Importer(815301076,1909f56bfc062723c751e8b465ee728b)
Start importing Assets/Scenes/PixelGame.unity using Guid(ab233b1f0b282b44092d9e6393d112f6) Importer(815301076,1909f56bfc062723c751e8b465ee728b)  -> (artifact id: '8161c49c2235aac612a1584041ed10b4') in 0.061127 seconds
  Import took 0.069699 seconds .

========================================================================
Received Prepare
Registering precompiled user dll's ...
Registered in 0.005226 seconds.
Begin MonoManager ReloadAssembly
Native extension for WindowsStandalone target not found
Native extension for OSXStandalone target not found
Refreshing native plugins compatible for Editor in 0.93 ms, found 3 plugins.
Preloading 0 native plugins for Editor in 0.00 ms.
Mono: successfully reloaded assembly
- Completed reload, in  2.186 seconds
Platform modules already initialized, skipping
Refreshing native plugins compatible for Editor in 1.44 ms, found 3 plugins.
Preloading 0 native plugins for Editor in 0.00 ms.
Unloading 2574 Unused Serialized files (Serialized files now loaded: 0)
System memory in use before: 112.7 MB.
System memory in use after: 112.9 MB.

Unloading 17 unused Assets to reduce memory usage. Loaded Objects now: 3038.
Total: 6.283400 ms (FindLiveObjects: 0.880300 ms CreateObjectMapping: 0.272700 ms MarkObjects: 5.067700 ms  DeleteObjects: 0.058900 ms)

========================================================================
Received Import Request.
  Time since last request: 183.518973 seconds.
  path: Assets/Scenes/PixelGame.unity
  artifactKey: Guid(ab233b1f0b282b44092d9e6393d112f6) Importer(815301076,1909f56bfc062723c751e8b465ee728b)
Start importing Assets/Scenes/PixelGame.unity using Guid(ab233b1f0b282b44092d9e6393d112f6) Importer(815301076,1909f56bfc062723c751e8b465ee728b)  -> (artifact id: 'ab2c82f819120cdda8d381c7183b8aec') in 0.025618 seconds
  Import took 0.034409 seconds .

========================================================================
Received Import Request.
  Time since last request: 0.006691 seconds.
  path: Assets/Scenes/PixelGame.unity
  artifactKey: Guid(ab233b1f0b282b44092d9e6393d112f6) Importer(815301076,1909f56bfc062723c751e8b465ee728b)
Start importing Assets/Scenes/PixelGame.unity using Guid(ab233b1f0b282b44092d9e6393d112f6) Importer(815301076,1909f56bfc062723c751e8b465ee728b)  -> (artifact id: 'ab2c82f819120cdda8d381c7183b8aec') in 0.004084 seconds
  Import took 0.012166 seconds .

========================================================================
Received Import Request.
  Time since last request: 0.526474 seconds.
  path: Assets/Scenes/Level2.unity
  artifactKey: Guid(a489f360bb8fa9d4eb2c35efa9f50cee) Importer(815301076,1909f56bfc062723c751e8b465ee728b)
Start importing Assets/Scenes/Level2.unity using Guid(a489f360bb8fa9d4eb2c35efa9f50cee) Importer(815301076,1909f56bfc062723c751e8b465ee728b)  -> (artifact id: 'da12a562b1366a94e6bff43ce763d3aa') in 0.033015 seconds
  Import took 0.040752 seconds .

========================================================================
Received Import Request.
  Time since last request: 0.000897 seconds.
  path: Assets/Scenes/Level2.unity
  artifactKey: Guid(a489f360bb8fa9d4eb2c35efa9f50cee) Importer(815301076,1909f56bfc062723c751e8b465ee728b)
Start importing Assets/Scenes/Level2.unity using Guid(a489f360bb8fa9d4eb2c35efa9f50cee) Importer(815301076,1909f56bfc062723c751e8b465ee728b)  -> (artifact id: 'da12a562b1366a94e6bff43ce763d3aa') in 0.003865 seconds
  Import took 0.011413 seconds .

========================================================================
Received Import Request.
  Time since last request: 51.905156 seconds.
  path: Assets/Components/Creatures/Hero/Hero.cs
  artifactKey: Guid(dd895dc10aba232459d6d90c8931f27b) Importer(815301076,1909f56bfc062723c751e8b465ee728b)
Start importing Assets/Components/Creatures/Hero/Hero.cs using Guid(dd895dc10aba232459d6d90c8931f27b) Importer(815301076,1909f56bfc062723c751e8b465ee728b)  -> (artifact id: '1a0baee0c2e178e64b328d55a2d6d3fa') in 0.049131 seconds
  Import took 0.060094 seconds .

========================================================================
Received Import Request.
  Time since last request: 76.087723 seconds.
  path: Assets/Components/Creatures/Hero/Hero.cs
  artifactKey: Guid(dd895dc10aba232459d6d90c8931f27b) Importer(815301076,1909f56bfc062723c751e8b465ee728b)
Start importing Assets/Components/Creatures/Hero/Hero.cs using Guid(dd895dc10aba232459d6d90c8931f27b) Importer(815301076,1909f56bfc062723c751e8b465ee728b)  -> (artifact id: '9b27aaea9db957591fff5d7aee956d8f') in 0.004219 seconds
  Import took 0.016035 seconds .

========================================================================
Received Prepare
Registering precompiled user dll's ...
Registered in 0.005661 seconds.
Begin MonoManager ReloadAssembly
Native extension for WindowsStandalone target not found
Native extension for OSXStandalone target not found
Refreshing native plugins compatible for Editor in 0.70 ms, found 3 plugins.
Preloading 0 native plugins for Editor in 0.00 ms.
Mono: successfully reloaded assembly
- Completed reload, in  1.164 seconds
Platform modules already initialized, skipping
Refreshing native plugins compatible for Editor in 1.31 ms, found 3 plugins.
Preloading 0 native plugins for Editor in 0.00 ms.
Unloading 2574 Unused Serialized files (Serialized files now loaded: 0)
System memory in use before: 112.8 MB.
System memory in use after: 113.0 MB.

Unloading 17 unused Assets to reduce memory usage. Loaded Objects now: 3042.
Total: 3.161900 ms (FindLiveObjects: 0.471800 ms CreateObjectMapping: 0.139600 ms MarkObjects: 2.514200 ms  DeleteObjects: 0.033700 ms)

========================================================================
Received Import Request.
  Time since last request: 18.826423 seconds.
  path: Assets/Components/Creatures/Hero/Hero.cs
  artifactKey: Guid(dd895dc10aba232459d6d90c8931f27b) Importer(815301076,1909f56bfc062723c751e8b465ee728b)
Start importing Assets/Components/Creatures/Hero/Hero.cs using Guid(dd895dc10aba232459d6d90c8931f27b) Importer(815301076,1909f56bfc062723c751e8b465ee728b)  -> (artifact id: 'a8afdf2ad0907c178942f82fed18ef2a') in 0.010750 seconds
  Import took 0.018781 seconds .

========================================================================
Received Import Request.
  Time since last request: 17.647877 seconds.
  path: Assets/Components/Creatures/Hero/Hero.cs
  artifactKey: Guid(dd895dc10aba232459d6d90c8931f27b) Importer(815301076,1909f56bfc062723c751e8b465ee728b)
Start importing Assets/Components/Creatures/Hero/Hero.cs using Guid(dd895dc10aba232459d6d90c8931f27b) Importer(815301076,1909f56bfc062723c751e8b465ee728b)  -> (artifact id: '65dd17f1d7ae5e0501b0f77ffdcdf98d') in 0.010968 seconds
  Import took 0.039471 seconds .

========================================================================
Received Prepare
Registering precompiled user dll's ...
Registered in 0.004629 seconds.
Begin MonoManager ReloadAssembly
Native extension for WindowsStandalone target not found
Native extension for OSXStandalone target not found
Refreshing native plugins compatible for Editor in 1.49 ms, found 3 plugins.
Preloading 0 native plugins for Editor in 0.00 ms.
Mono: successfully reloaded assembly
- Completed reload, in  1.347 seconds
Platform modules already initialized, skipping
Refreshing native plugins compatible for Editor in 0.78 ms, found 3 plugins.
Preloading 0 native plugins for Editor in 0.00 ms.
Unloading 2574 Unused Serialized files (Serialized files now loaded: 0)
System memory in use before: 112.8 MB.
System memory in use after: 113.0 MB.

Unloading 17 unused Assets to reduce memory usage. Loaded Objects now: 3046.
Total: 4.151100 ms (FindLiveObjects: 0.505200 ms CreateObjectMapping: 0.126500 ms MarkObjects: 3.469300 ms  DeleteObjects: 0.048100 ms)

========================================================================
Received Import Request.
  Time since last request: 52.101600 seconds.
  path: Assets/Components/Creatures/Hero/Hero.cs
  artifactKey: Guid(dd895dc10aba232459d6d90c8931f27b) Importer(815301076,1909f56bfc062723c751e8b465ee728b)
Start importing Assets/Components/Creatures/Hero/Hero.cs using Guid(dd895dc10aba232459d6d90c8931f27b) Importer(815301076,1909f56bfc062723c751e8b465ee728b)  -> (artifact id: 'ecb46bd9891d4ad61729c30b6b7d8d05') in 0.008122 seconds
  Import took 0.017135 seconds .

========================================================================
Received Prepare
Registering precompiled user dll's ...
Registered in 0.012089 seconds.
Begin MonoManager ReloadAssembly
Native extension for WindowsStandalone target not found
Native extension for OSXStandalone target not found
Refreshing native plugins compatible for Editor in 0.96 ms, found 3 plugins.
Preloading 0 native plugins for Editor in 0.00 ms.
Mono: successfully reloaded assembly
- Completed reload, in  1.337 seconds
Platform modules already initialized, skipping
Refreshing native plugins compatible for Editor in 1.37 ms, found 3 plugins.
Preloading 0 native plugins for Editor in 0.00 ms.
Unloading 2574 Unused Serialized files (Serialized files now loaded: 0)
System memory in use before: 112.8 MB.
System memory in use after: 113.0 MB.

Unloading 17 unused Assets to reduce memory usage. Loaded Objects now: 3050.
Total: 3.210500 ms (FindLiveObjects: 0.364200 ms CreateObjectMapping: 0.160300 ms MarkObjects: 2.650400 ms  DeleteObjects: 0.033700 ms)

========================================================================
Received Import Request.
  Time since last request: 28.293899 seconds.
  path: Assets/Components/Creatures/Hero/Hero.cs
  artifactKey: Guid(dd895dc10aba232459d6d90c8931f27b) Importer(815301076,1909f56bfc062723c751e8b465ee728b)
Start importing Assets/Components/Creatures/Hero/Hero.cs using Guid(dd895dc10aba232459d6d90c8931f27b) Importer(815301076,1909f56bfc062723c751e8b465ee728b)  -> (artifact id: '1ed8671f02143b327a9796a1ce71a2f4') in 0.010088 seconds
  Import took 0.075237 seconds .

========================================================================
Received Import Request.
  Time since last request: 0.132865 seconds.
  path: Assets/Components/Creatures/Hero/Hero.cs
  artifactKey: Guid(dd895dc10aba232459d6d90c8931f27b) Importer(815301076,1909f56bfc062723c751e8b465ee728b)
Start importing Assets/Components/Creatures/Hero/Hero.cs using Guid(dd895dc10aba232459d6d90c8931f27b) Importer(815301076,1909f56bfc062723c751e8b465ee728b)  -> (artifact id: '1ed8671f02143b327a9796a1ce71a2f4') in 0.003925 seconds
  Import took 0.010282 seconds .

========================================================================
Received Prepare
Registering precompiled user dll's ...
Registered in 0.007191 seconds.
Begin MonoManager ReloadAssembly
Native extension for WindowsStandalone target not found
Native extension for OSXStandalone target not found
Refreshing native plugins compatible for Editor in 0.72 ms, found 3 plugins.
Preloading 0 native plugins for Editor in 0.00 ms.
Mono: successfully reloaded assembly
- Completed reload, in  1.426 seconds
Platform modules already initialized, skipping
Refreshing native plugins compatible for Editor in 0.84 ms, found 3 plugins.
Preloading 0 native plugins for Editor in 0.00 ms.
Unloading 2574 Unused Serialized files (Serialized files now loaded: 0)
System memory in use before: 112.7 MB.
System memory in use after: 113.0 MB.

Unloading 17 unused Assets to reduce memory usage. Loaded Objects now: 3054.
Total: 5.121100 ms (FindLiveObjects: 0.410100 ms CreateObjectMapping: 0.364600 ms MarkObjects: 4.309600 ms  DeleteObjects: 0.034800 ms)

========================================================================
Received Import Request.
  Time since last request: 10.137661 seconds.
  path: Assets/Components/Creatures/Hero/Hero.cs
  artifactKey: Guid(dd895dc10aba232459d6d90c8931f27b) Importer(815301076,1909f56bfc062723c751e8b465ee728b)
Start importing Assets/Components/Creatures/Hero/Hero.cs using Guid(dd895dc10aba232459d6d90c8931f27b) Importer(815301076,1909f56bfc062723c751e8b465ee728b)  -> (artifact id: 'b6f743ebd70ddda8385fc01d01d1031a') in 0.007844 seconds
  Import took 0.039759 seconds .

========================================================================
Received Prepare
Registering precompiled user dll's ...
Registered in 0.003419 seconds.
Begin MonoManager ReloadAssembly
Native extension for WindowsStandalone target not found
Native extension for OSXStandalone target not found
Refreshing native plugins compatible for Editor in 0.71 ms, found 3 plugins.
Preloading 0 native plugins for Editor in 0.00 ms.
Mono: successfully reloaded assembly
- Completed reload, in  1.315 seconds
Platform modules already initialized, skipping
Refreshing native plugins compatible for Editor in 0.99 ms, found 3 plugins.
Preloading 0 native plugins for Editor in 0.00 ms.
Unloading 2574 Unused Serialized files (Serialized files now loaded: 0)
System memory in use before: 112.9 MB.
System memory in use after: 113.1 MB.

Unloading 17 unused Assets to reduce memory usage. Loaded Objects now: 3058.
Total: 3.187900 ms (FindLiveObjects: 0.331200 ms CreateObjectMapping: 0.126800 ms MarkObjects: 2.705800 ms  DeleteObjects: 0.022300 ms)

========================================================================
Received Prepare
Registering precompiled user dll's ...
Registered in 0.005582 seconds.
Begin MonoManager ReloadAssembly
Native extension for WindowsStandalone target not found
Native extension for OSXStandalone target not found
Refreshing native plugins compatible for Editor in 1.42 ms, found 3 plugins.
Preloading 0 native plugins for Editor in 0.00 ms.
Mono: successfully reloaded assembly
- Completed reload, in  1.773 seconds
Platform modules already initialized, skipping
Refreshing native plugins compatible for Editor in 0.87 ms, found 3 plugins.
Preloading 0 native plugins for Editor in 0.00 ms.
Unloading 2574 Unused Serialized files (Serialized files now loaded: 0)
System memory in use before: 112.9 MB.
System memory in use after: 113.1 MB.

Unloading 17 unused Assets to reduce memory usage. Loaded Objects now: 3062.
Total: 3.044400 ms (FindLiveObjects: 0.337000 ms CreateObjectMapping: 0.129800 ms MarkObjects: 2.554200 ms  DeleteObjects: 0.021700 ms)

========================================================================
Received Import Request.
  Time since last request: 152.977797 seconds.
  path: Assets/Components/Creatures/Hero/Hero.cs
  artifactKey: Guid(dd895dc10aba232459d6d90c8931f27b) Importer(815301076,1909f56bfc062723c751e8b465ee728b)
Start importing Assets/Components/Creatures/Hero/Hero.cs using Guid(dd895dc10aba232459d6d90c8931f27b) Importer(815301076,1909f56bfc062723c751e8b465ee728b)  -> (artifact id: 'ec8e8dabf16be8fb67ed498ea2654761') in 0.008480 seconds
  Import took 0.016862 seconds .

========================================================================
Received Prepare
Registering precompiled user dll's ...
Registered in 0.004609 seconds.
Begin MonoManager ReloadAssembly
Native extension for WindowsStandalone target not found
Native extension for OSXStandalone target not found
Refreshing native plugins compatible for Editor in 0.78 ms, found 3 plugins.
Preloading 0 native plugins for Editor in 0.00 ms.
Mono: successfully reloaded assembly
- Completed reload, in  1.372 seconds
Platform modules already initialized, skipping
Refreshing native plugins compatible for Editor in 0.74 ms, found 3 plugins.
Preloading 0 native plugins for Editor in 0.00 ms.
Unloading 2574 Unused Serialized files (Serialized files now loaded: 0)
System memory in use before: 112.9 MB.
System memory in use after: 113.1 MB.

Unloading 17 unused Assets to reduce memory usage. Loaded Objects now: 3066.
Total: 3.070200 ms (FindLiveObjects: 0.332700 ms CreateObjectMapping: 0.126600 ms MarkObjects: 2.579000 ms  DeleteObjects: 0.030100 ms)

========================================================================
Received Import Request.
  Time since last request: 83.096829 seconds.
  path: Assets/Components/Creatures/Hero/Hero.cs
  artifactKey: Guid(dd895dc10aba232459d6d90c8931f27b) Importer(815301076,1909f56bfc062723c751e8b465ee728b)
Start importing Assets/Components/Creatures/Hero/Hero.cs using Guid(dd895dc10aba232459d6d90c8931f27b) Importer(815301076,1909f56bfc062723c751e8b465ee728b)  -> (artifact id: '2b6996e072704ecb00329be592d84490') in 0.008450 seconds
  Import took 0.015369 seconds .

========================================================================
Received Prepare
Registering precompiled user dll's ...
Registered in 0.004750 seconds.
Begin MonoManager ReloadAssembly
Native extension for WindowsStandalone target not found
Native extension for OSXStandalone target not found
Refreshing native plugins compatible for Editor in 1.50 ms, found 3 plugins.
Preloading 0 native plugins for Editor in 0.00 ms.
Mono: successfully reloaded assembly
- Completed reload, in  1.298 seconds
Platform modules already initialized, skipping
Refreshing native plugins compatible for Editor in 1.45 ms, found 3 plugins.
Preloading 0 native plugins for Editor in 0.00 ms.
Unloading 2574 Unused Serialized files (Serialized files now loaded: 0)
System memory in use before: 112.9 MB.
System memory in use after: 113.1 MB.

Unloading 17 unused Assets to reduce memory usage. Loaded Objects now: 3070.
Total: 4.586900 ms (FindLiveObjects: 0.492600 ms CreateObjectMapping: 0.176800 ms MarkObjects: 3.866800 ms  DeleteObjects: 0.047300 ms)

========================================================================
Received Import Request.
  Time since last request: 26.627481 seconds.
  path: Assets/Components/Creatures/Hero/Hero.cs
  artifactKey: Guid(dd895dc10aba232459d6d90c8931f27b) Importer(815301076,1909f56bfc062723c751e8b465ee728b)
Start importing Assets/Components/Creatures/Hero/Hero.cs using Guid(dd895dc10aba232459d6d90c8931f27b) Importer(815301076,1909f56bfc062723c751e8b465ee728b)  -> (artifact id: '6ef1f3a82f72d87c8d2534183ebe9e97') in 0.009034 seconds
  Import took 0.016652 seconds .

========================================================================
Received Prepare
Registering precompiled user dll's ...
Registered in 0.005230 seconds.
Begin MonoManager ReloadAssembly
Native extension for WindowsStandalone target not found
Native extension for OSXStandalone target not found
Refreshing native plugins compatible for Editor in 0.83 ms, found 3 plugins.
Preloading 0 native plugins for Editor in 0.00 ms.
Mono: successfully reloaded assembly
- Completed reload, in  1.940 seconds
Platform modules already initialized, skipping
Refreshing native plugins compatible for Editor in 0.83 ms, found 3 plugins.
Preloading 0 native plugins for Editor in 0.00 ms.
Unloading 2574 Unused Serialized files (Serialized files now loaded: 0)
System memory in use before: 112.8 MB.
System memory in use after: 113.0 MB.

Unloading 17 unused Assets to reduce memory usage. Loaded Objects now: 3074.
Total: 5.647200 ms (FindLiveObjects: 0.589500 ms CreateObjectMapping: 0.136100 ms MarkObjects: 4.848800 ms  DeleteObjects: 0.069500 ms)

========================================================================
Received Import Request.
  Time since last request: 28.987221 seconds.
  path: Assets/Components/Creatures/Hero/Hero.cs
  artifactKey: Guid(dd895dc10aba232459d6d90c8931f27b) Importer(815301076,1909f56bfc062723c751e8b465ee728b)
Start importing Assets/Components/Creatures/Hero/Hero.cs using Guid(dd895dc10aba232459d6d90c8931f27b) Importer(815301076,1909f56bfc062723c751e8b465ee728b)  -> (artifact id: 'a368f3515e6fbfdc2b1b9d1133f80217') in 0.008244 seconds
  Import took 0.070378 seconds .

========================================================================
Received Prepare
Registering precompiled user dll's ...
Registered in 0.005369 seconds.
Begin MonoManager ReloadAssembly
Native extension for WindowsStandalone target not found
Native extension for OSXStandalone target not found
Refreshing native plugins compatible for Editor in 0.97 ms, found 3 plugins.
Preloading 0 native plugins for Editor in 0.00 ms.
Mono: successfully reloaded assembly
- Completed reload, in  1.546 seconds
Platform modules already initialized, skipping
Refreshing native plugins compatible for Editor in 0.78 ms, found 3 plugins.
Preloading 0 native plugins for Editor in 0.00 ms.
Unloading 2574 Unused Serialized files (Serialized files now loaded: 0)
System memory in use before: 112.9 MB.
System memory in use after: 113.1 MB.

Unloading 17 unused Assets to reduce memory usage. Loaded Objects now: 3078.
Total: 2.922300 ms (FindLiveObjects: 0.355900 ms CreateObjectMapping: 0.130800 ms MarkObjects: 2.368300 ms  DeleteObjects: 0.065000 ms)

========================================================================
Received Import Request.
  Time since last request: 21.070911 seconds.
  path: Assets/Components/Creatures/Hero/Hero.cs
  artifactKey: Guid(dd895dc10aba232459d6d90c8931f27b) Importer(815301076,1909f56bfc062723c751e8b465ee728b)
Start importing Assets/Components/Creatures/Hero/Hero.cs using Guid(dd895dc10aba232459d6d90c8931f27b) Importer(815301076,1909f56bfc062723c751e8b465ee728b)  -> (artifact id: 'e662429b014d6b551c7ea6452b0bb81f') in 0.009584 seconds
  Import took 0.017730 seconds .

========================================================================
Received Prepare
Registering precompiled user dll's ...
Registered in 0.006813 seconds.
Begin MonoManager ReloadAssembly
Native extension for WindowsStandalone target not found
Native extension for OSXStandalone target not found
Refreshing native plugins compatible for Editor in 0.82 ms, found 3 plugins.
Preloading 0 native plugins for Editor in 0.00 ms.
Mono: successfully reloaded assembly
- Completed reload, in  1.567 seconds
Platform modules already initialized, skipping
Refreshing native plugins compatible for Editor in 0.75 ms, found 3 plugins.
Preloading 0 native plugins for Editor in 0.00 ms.
Unloading 2574 Unused Serialized files (Serialized files now loaded: 0)
System memory in use before: 112.9 MB.
System memory in use after: 113.1 MB.

Unloading 17 unused Assets to reduce memory usage. Loaded Objects now: 3082.
Total: 2.438500 ms (FindLiveObjects: 0.388600 ms CreateObjectMapping: 0.069500 ms MarkObjects: 1.950800 ms  DeleteObjects: 0.027700 ms)

========================================================================
Received Import Request.
  Time since last request: 17.801251 seconds.
  path: Assets/Components/Creatures/Hero/Hero.cs
  artifactKey: Guid(dd895dc10aba232459d6d90c8931f27b) Importer(815301076,1909f56bfc062723c751e8b465ee728b)
Start importing Assets/Components/Creatures/Hero/Hero.cs using Guid(dd895dc10aba232459d6d90c8931f27b) Importer(815301076,1909f56bfc062723c751e8b465ee728b)  -> (artifact id: 'db82c94d0faa3940448cee943a90cf24') in 0.009907 seconds
  Import took 0.018094 seconds .

========================================================================
Received Prepare
Registering precompiled user dll's ...
Registered in 0.005202 seconds.
Begin MonoManager ReloadAssembly
Native extension for WindowsStandalone target not found
Native extension for OSXStandalone target not found
Refreshing native plugins compatible for Editor in 1.03 ms, found 3 plugins.
Preloading 0 native plugins for Editor in 0.00 ms.
Mono: successfully reloaded assembly
- Completed reload, in  1.881 seconds
Platform modules already initialized, skipping
Refreshing native plugins compatible for Editor in 0.92 ms, found 3 plugins.
Preloading 0 native plugins for Editor in 0.00 ms.
Unloading 2574 Unused Serialized files (Serialized files now loaded: 0)
System memory in use before: 112.9 MB.
System memory in use after: 113.1 MB.

Unloading 17 unused Assets to reduce memory usage. Loaded Objects now: 3086.
Total: 2.755300 ms (FindLiveObjects: 0.279000 ms CreateObjectMapping: 0.087000 ms MarkObjects: 2.354600 ms  DeleteObjects: 0.032900 ms)

========================================================================
Received Import Request.
  Time since last request: 53.060025 seconds.
  path: Assets/Components/Creatures/Hero/Hero.cs
  artifactKey: Guid(dd895dc10aba232459d6d90c8931f27b) Importer(815301076,1909f56bfc062723c751e8b465ee728b)
Start importing Assets/Components/Creatures/Hero/Hero.cs using Guid(dd895dc10aba232459d6d90c8931f27b) Importer(815301076,1909f56bfc062723c751e8b465ee728b)  -> (artifact id: 'a4ec5f97490305ad9fc32bfefbd2306b') in 0.020150 seconds
  Import took 0.049077 seconds .

========================================================================
Received Prepare
Registering precompiled user dll's ...
Registered in 0.007659 seconds.
Begin MonoManager ReloadAssembly
Native extension for WindowsStandalone target not found
Native extension for OSXStandalone target not found
Refreshing native plugins compatible for Editor in 2.02 ms, found 3 plugins.
Preloading 0 native plugins for Editor in 0.00 ms.
Mono: successfully reloaded assembly
- Completed reload, in  3.121 seconds
Platform modules already initialized, skipping
Refreshing native plugins compatible for Editor in 1.43 ms, found 3 plugins.
Preloading 0 native plugins for Editor in 0.00 ms.
Unloading 2574 Unused Serialized files (Serialized files now loaded: 0)
System memory in use before: 112.9 MB.
System memory in use after: 113.2 MB.

Unloading 17 unused Assets to reduce memory usage. Loaded Objects now: 3090.
Total: 23.427100 ms (FindLiveObjects: 1.198400 ms CreateObjectMapping: 0.431500 ms MarkObjects: 21.717700 ms  DeleteObjects: 0.076100 ms)

========================================================================
Received Import Request.
  Time since last request: 50.840345 seconds.
  path: Assets/Components/Creatures/Hero/Hero.cs
  artifactKey: Guid(dd895dc10aba232459d6d90c8931f27b) Importer(815301076,1909f56bfc062723c751e8b465ee728b)
Start importing Assets/Components/Creatures/Hero/Hero.cs using Guid(dd895dc10aba232459d6d90c8931f27b) Importer(815301076,1909f56bfc062723c751e8b465ee728b)  -> (artifact id: '64d25bc0bb31b4fc3c385f39772c3dc0') in 0.010153 seconds
  Import took 0.020834 seconds .

========================================================================
Received Import Request.
  Time since last request: 5.965707 seconds.
  path: Assets/Components/Creatures/Hero/Hero.cs
  artifactKey: Guid(dd895dc10aba232459d6d90c8931f27b) Importer(815301076,1909f56bfc062723c751e8b465ee728b)
Start importing Assets/Components/Creatures/Hero/Hero.cs using Guid(dd895dc10aba232459d6d90c8931f27b) Importer(815301076,1909f56bfc062723c751e8b465ee728b)  -> (artifact id: 'b16db44ad17509b7d0cd41b873e757c6') in 0.005851 seconds
  Import took 0.020046 seconds .

========================================================================
Received Prepare
Registering precompiled user dll's ...
Registered in 0.009710 seconds.
Begin MonoManager ReloadAssembly
Native extension for WindowsStandalone target not found
Native extension for OSXStandalone target not found
Refreshing native plugins compatible for Editor in 1.22 ms, found 3 plugins.
Preloading 0 native plugins for Editor in 0.00 ms.
Mono: successfully reloaded assembly
- Completed reload, in  3.089 seconds
Platform modules already initialized, skipping
Refreshing native plugins compatible for Editor in 1.38 ms, found 3 plugins.
Preloading 0 native plugins for Editor in 0.00 ms.
Unloading 2574 Unused Serialized files (Serialized files now loaded: 0)
System memory in use before: 112.8 MB.
System memory in use after: 113.1 MB.

Unloading 17 unused Assets to reduce memory usage. Loaded Objects now: 3094.
Total: 5.468000 ms (FindLiveObjects: 0.608500 ms CreateObjectMapping: 0.229000 ms MarkObjects: 4.576800 ms  DeleteObjects: 0.051100 ms)

========================================================================
Received Import Request.
  Time since last request: 15.771490 seconds.
  path: Assets/Components/Creatures/Hero/Hero.cs
  artifactKey: Guid(dd895dc10aba232459d6d90c8931f27b) Importer(815301076,1909f56bfc062723c751e8b465ee728b)
Start importing Assets/Components/Creatures/Hero/Hero.cs using Guid(dd895dc10aba232459d6d90c8931f27b) Importer(815301076,1909f56bfc062723c751e8b465ee728b)  -> (artifact id: '27441f0c0c775e8722da40bb71dccc1f') in 0.014457 seconds
  Import took 0.026152 seconds .

========================================================================
Received Import Request.
  Time since last request: 35.546044 seconds.
  path: Assets/Components/Creatures/Hero/Hero.cs
  artifactKey: Guid(dd895dc10aba232459d6d90c8931f27b) Importer(815301076,1909f56bfc062723c751e8b465ee728b)
Start importing Assets/Components/Creatures/Hero/Hero.cs using Guid(dd895dc10aba232459d6d90c8931f27b) Importer(815301076,1909f56bfc062723c751e8b465ee728b)  -> (artifact id: '291b8fef48aa59a7451667df031da805') in 0.004214 seconds
  Import took 0.016304 seconds .

========================================================================
Received Import Request.
  Time since last request: 28.283013 seconds.
  path: Assets/Components/Creatures/Hero/Hero.cs
  artifactKey: Guid(dd895dc10aba232459d6d90c8931f27b) Importer(815301076,1909f56bfc062723c751e8b465ee728b)
Start importing Assets/Components/Creatures/Hero/Hero.cs using Guid(dd895dc10aba232459d6d90c8931f27b) Importer(815301076,1909f56bfc062723c751e8b465ee728b)  -> (artifact id: 'c2d080ac57602c326fd1f6e6087512d8') in 0.021451 seconds
  Import took 0.033313 seconds .

========================================================================
Received Prepare
Registering precompiled user dll's ...
Registered in 0.009355 seconds.
Begin MonoManager ReloadAssembly
Native extension for WindowsStandalone target not found
Native extension for OSXStandalone target not found
Refreshing native plugins compatible for Editor in 1.40 ms, found 3 plugins.
Preloading 0 native plugins for Editor in 0.00 ms.
Mono: successfully reloaded assembly
- Completed reload, in  2.972 seconds
Platform modules already initialized, skipping
Refreshing native plugins compatible for Editor in 1.68 ms, found 3 plugins.
Preloading 0 native plugins for Editor in 0.00 ms.
Unloading 2574 Unused Serialized files (Serialized files now loaded: 0)
System memory in use before: 113.0 MB.
System memory in use after: 113.2 MB.

Unloading 17 unused Assets to reduce memory usage. Loaded Objects now: 3098.
Total: 8.204400 ms (FindLiveObjects: 1.061400 ms CreateObjectMapping: 0.364800 ms MarkObjects: 6.715300 ms  DeleteObjects: 0.059300 ms)

========================================================================
Received Import Request.
  Time since last request: 15.725461 seconds.
  path: Assets/Components/Creatures/Hero/Hero.cs
  artifactKey: Guid(dd895dc10aba232459d6d90c8931f27b) Importer(815301076,1909f56bfc062723c751e8b465ee728b)
Start importing Assets/Components/Creatures/Hero/Hero.cs using Guid(dd895dc10aba232459d6d90c8931f27b) Importer(815301076,1909f56bfc062723c751e8b465ee728b)  -> (artifact id: '2e52d93ecc6db760a5488e6603f58798') in 0.011986 seconds
  Import took 0.024928 seconds .

========================================================================
Received Prepare
Registering precompiled user dll's ...
Registered in 0.010143 seconds.
Begin MonoManager ReloadAssembly
Native extension for WindowsStandalone target not found
Native extension for OSXStandalone target not found
Refreshing native plugins compatible for Editor in 1.36 ms, found 3 plugins.
Preloading 0 native plugins for Editor in 0.00 ms.
Mono: successfully reloaded assembly
- Completed reload, in  2.860 seconds
Platform modules already initialized, skipping
Refreshing native plugins compatible for Editor in 1.22 ms, found 3 plugins.
Preloading 0 native plugins for Editor in 0.00 ms.
Unloading 2574 Unused Serialized files (Serialized files now loaded: 0)
System memory in use before: 113.0 MB.
System memory in use after: 113.2 MB.

Unloading 17 unused Assets to reduce memory usage. Loaded Objects now: 3102.
Total: 7.018300 ms (FindLiveObjects: 0.445900 ms CreateObjectMapping: 0.194500 ms MarkObjects: 6.316300 ms  DeleteObjects: 0.058400 ms)

========================================================================
Received Import Request.
  Time since last request: 47.470892 seconds.
  path: Assets/Components/Creatures/Hero/Hero.cs
  artifactKey: Guid(dd895dc10aba232459d6d90c8931f27b) Importer(815301076,1909f56bfc062723c751e8b465ee728b)
Start importing Assets/Components/Creatures/Hero/Hero.cs using Guid(dd895dc10aba232459d6d90c8931f27b) Importer(815301076,1909f56bfc062723c751e8b465ee728b)  -> (artifact id: '51c3b8691ae18e658b2c6d7dc0f3ac6e') in 0.014681 seconds
  Import took 0.028121 seconds .

========================================================================
Received Prepare
Registering precompiled user dll's ...
Registered in 0.008483 seconds.
Begin MonoManager ReloadAssembly
Native extension for WindowsStandalone target not found
Native extension for OSXStandalone target not found
Refreshing native plugins compatible for Editor in 1.36 ms, found 3 plugins.
Preloading 0 native plugins for Editor in 0.00 ms.
Mono: successfully reloaded assembly
- Completed reload, in  2.685 seconds
Platform modules already initialized, skipping
Refreshing native plugins compatible for Editor in 1.56 ms, found 3 plugins.
Preloading 0 native plugins for Editor in 0.00 ms.
Unloading 2574 Unused Serialized files (Serialized files now loaded: 0)
System memory in use before: 113.0 MB.
System memory in use after: 113.2 MB.

Unloading 17 unused Assets to reduce memory usage. Loaded Objects now: 3106.
Total: 5.781000 ms (FindLiveObjects: 0.790000 ms CreateObjectMapping: 0.262000 ms MarkObjects: 4.679400 ms  DeleteObjects: 0.047500 ms)

========================================================================
Received Import Request.
  Time since last request: 81.150642 seconds.
  path: Assets/Components/Creatures/Hero/Hero.cs
  artifactKey: Guid(dd895dc10aba232459d6d90c8931f27b) Importer(815301076,1909f56bfc062723c751e8b465ee728b)
Start importing Assets/Components/Creatures/Hero/Hero.cs using Guid(dd895dc10aba232459d6d90c8931f27b) Importer(815301076,1909f56bfc062723c751e8b465ee728b)  -> (artifact id: '614ac1cefc348ae2d2b9647d056ee52e') in 0.015552 seconds
  Import took 0.028947 seconds .

========================================================================
Received Prepare
Registering precompiled user dll's ...
Registered in 0.008894 seconds.
Begin MonoManager ReloadAssembly
Native extension for WindowsStandalone target not found
Native extension for OSXStandalone target not found
Refreshing native plugins compatible for Editor in 1.93 ms, found 3 plugins.
Preloading 0 native plugins for Editor in 0.00 ms.
Mono: successfully reloaded assembly
- Completed reload, in  2.874 seconds
Platform modules already initialized, skipping
Refreshing native plugins compatible for Editor in 1.43 ms, found 3 plugins.
Preloading 0 native plugins for Editor in 0.00 ms.
Unloading 2574 Unused Serialized files (Serialized files now loaded: 0)
System memory in use before: 113.0 MB.
System memory in use after: 113.2 MB.

Unloading 17 unused Assets to reduce memory usage. Loaded Objects now: 3110.
Total: 6.262200 ms (FindLiveObjects: 0.446900 ms CreateObjectMapping: 0.183000 ms MarkObjects: 5.582200 ms  DeleteObjects: 0.047200 ms)

========================================================================
Received Import Request.
  Time since last request: 61.288341 seconds.
  path: Assets/Components/Creatures/Hero/Hero.cs
  artifactKey: Guid(dd895dc10aba232459d6d90c8931f27b) Importer(815301076,1909f56bfc062723c751e8b465ee728b)
Start importing Assets/Components/Creatures/Hero/Hero.cs using Guid(dd895dc10aba232459d6d90c8931f27b) Importer(815301076,1909f56bfc062723c751e8b465ee728b)  -> (artifact id: '95172a6e140cac24b3837ff03336cb2f') in 0.018296 seconds
  Import took 0.077581 seconds .

========================================================================
Received Prepare
Registering precompiled user dll's ...
Registered in 0.012719 seconds.
Begin MonoManager ReloadAssembly
Native extension for WindowsStandalone target not found
Native extension for OSXStandalone target not found
Refreshing native plugins compatible for Editor in 1.35 ms, found 3 plugins.
Preloading 0 native plugins for Editor in 0.00 ms.
Mono: successfully reloaded assembly
- Completed reload, in  2.908 seconds
Platform modules already initialized, skipping
Refreshing native plugins compatible for Editor in 1.55 ms, found 3 plugins.
Preloading 0 native plugins for Editor in 0.00 ms.
Unloading 2574 Unused Serialized files (Serialized files now loaded: 0)
System memory in use before: 112.9 MB.
System memory in use after: 113.1 MB.

Unloading 17 unused Assets to reduce memory usage. Loaded Objects now: 3114.
Total: 5.967300 ms (FindLiveObjects: 0.499400 ms CreateObjectMapping: 0.188500 ms MarkObjects: 5.226500 ms  DeleteObjects: 0.050300 ms)

========================================================================
Received Import Request.
  Time since last request: 54.691540 seconds.
  path: Assets/Components/Creatures/Hero/Hero.cs
  artifactKey: Guid(dd895dc10aba232459d6d90c8931f27b) Importer(815301076,1909f56bfc062723c751e8b465ee728b)
Start importing Assets/Components/Creatures/Hero/Hero.cs using Guid(dd895dc10aba232459d6d90c8931f27b) Importer(815301076,1909f56bfc062723c751e8b465ee728b)  -> (artifact id: '84c73654dc92bc187cd83dadea1d89bf') in 0.010494 seconds
  Import took 0.023806 seconds .

========================================================================
Received Prepare
Registering precompiled user dll's ...
Registered in 0.009165 seconds.
Begin MonoManager ReloadAssembly
Native extension for WindowsStandalone target not found
Native extension for OSXStandalone target not found
Refreshing native plugins compatible for Editor in 1.48 ms, found 3 plugins.
Preloading 0 native plugins for Editor in 0.00 ms.
Mono: successfully reloaded assembly
- Completed reload, in  2.960 seconds
Platform modules already initialized, skipping
Refreshing native plugins compatible for Editor in 1.47 ms, found 3 plugins.
Preloading 0 native plugins for Editor in 0.00 ms.
Unloading 2574 Unused Serialized files (Serialized files now loaded: 0)
System memory in use before: 113.0 MB.
System memory in use after: 113.2 MB.

Unloading 17 unused Assets to reduce memory usage. Loaded Objects now: 3118.
Total: 5.785700 ms (FindLiveObjects: 0.480300 ms CreateObjectMapping: 0.168200 ms MarkObjects: 5.063300 ms  DeleteObjects: 0.069800 ms)

========================================================================
Received Import Request.
  Time since last request: 14.322012 seconds.
  path: Assets/Components/Creatures/Hero/Hero.cs
  artifactKey: Guid(dd895dc10aba232459d6d90c8931f27b) Importer(815301076,1909f56bfc062723c751e8b465ee728b)
Start importing Assets/Components/Creatures/Hero/Hero.cs using Guid(dd895dc10aba232459d6d90c8931f27b) Importer(815301076,1909f56bfc062723c751e8b465ee728b)  -> (artifact id: '08a24f629c553bde4735862a4e880b4e') in 0.011354 seconds
  Import took 0.022368 seconds .

========================================================================
Received Prepare
Registering precompiled user dll's ...
Registered in 0.009969 seconds.
Begin MonoManager ReloadAssembly
Native extension for WindowsStandalone target not found
Native extension for OSXStandalone target not found
Refreshing native plugins compatible for Editor in 1.39 ms, found 3 plugins.
Preloading 0 native plugins for Editor in 0.00 ms.
Mono: successfully reloaded assembly
- Completed reload, in  2.928 seconds
Platform modules already initialized, skipping
Refreshing native plugins compatible for Editor in 1.92 ms, found 3 plugins.
Preloading 0 native plugins for Editor in 0.00 ms.
Unloading 2574 Unused Serialized files (Serialized files now loaded: 0)
System memory in use before: 113.0 MB.
System memory in use after: 113.2 MB.

Unloading 17 unused Assets to reduce memory usage. Loaded Objects now: 3122.
Total: 11.279300 ms (FindLiveObjects: 1.392400 ms CreateObjectMapping: 0.492700 ms MarkObjects: 9.328100 ms  DeleteObjects: 0.061700 ms)

========================================================================
Received Import Request.
  Time since last request: 14.603400 seconds.
  path: Assets/Components/Creatures/Hero/Hero.cs
  artifactKey: Guid(dd895dc10aba232459d6d90c8931f27b) Importer(815301076,1909f56bfc062723c751e8b465ee728b)
Start importing Assets/Components/Creatures/Hero/Hero.cs using Guid(dd895dc10aba232459d6d90c8931f27b) Importer(815301076,1909f56bfc062723c751e8b465ee728b)  -> (artifact id: '460c9322a7e45c26763f3c9158dc37e4') in 0.011543 seconds
  Import took 0.021222 seconds .

========================================================================
Received Prepare
Registering precompiled user dll's ...
Registered in 0.008157 seconds.
Begin MonoManager ReloadAssembly
Native extension for WindowsStandalone target not found
Native extension for OSXStandalone target not found
Refreshing native plugins compatible for Editor in 1.68 ms, found 3 plugins.
Preloading 0 native plugins for Editor in 0.00 ms.
Mono: successfully reloaded assembly
- Completed reload, in  2.986 seconds
Platform modules already initialized, skipping
Refreshing native plugins compatible for Editor in 1.76 ms, found 3 plugins.
Preloading 0 native plugins for Editor in 0.00 ms.
Unloading 2574 Unused Serialized files (Serialized files now loaded: 0)
System memory in use before: 113.0 MB.
System memory in use after: 113.3 MB.

Unloading 17 unused Assets to reduce memory usage. Loaded Objects now: 3126.
Total: 5.988000 ms (FindLiveObjects: 0.451900 ms CreateObjectMapping: 0.165800 ms MarkObjects: 5.313200 ms  DeleteObjects: 0.054600 ms)

========================================================================
Received Import Request.
  Time since last request: 73.650960 seconds.
  path: Assets/Components/Creatures/Hero/Hero.cs
  artifactKey: Guid(dd895dc10aba232459d6d90c8931f27b) Importer(815301076,1909f56bfc062723c751e8b465ee728b)
Start importing Assets/Components/Creatures/Hero/Hero.cs using Guid(dd895dc10aba232459d6d90c8931f27b) Importer(815301076,1909f56bfc062723c751e8b465ee728b)  -> (artifact id: 'd08cdffcc8df50ce4761e3a4829ed4c6') in 0.012248 seconds
  Import took 0.080916 seconds .

========================================================================
Received Import Request.
  Time since last request: 0.187533 seconds.
  path: Assets/Components/Creatures/Hero/Hero.cs
  artifactKey: Guid(dd895dc10aba232459d6d90c8931f27b) Importer(815301076,1909f56bfc062723c751e8b465ee728b)
Start importing Assets/Components/Creatures/Hero/Hero.cs using Guid(dd895dc10aba232459d6d90c8931f27b) Importer(815301076,1909f56bfc062723c751e8b465ee728b)  -> (artifact id: 'd08cdffcc8df50ce4761e3a4829ed4c6') in 0.005686 seconds
  Import took 0.017233 seconds .

========================================================================
Received Import Request.
  Time since last request: 26.312064 seconds.
  path: Assets/Components/Creatures/Hero/Hero.cs
  artifactKey: Guid(dd895dc10aba232459d6d90c8931f27b) Importer(815301076,1909f56bfc062723c751e8b465ee728b)
Start importing Assets/Components/Creatures/Hero/Hero.cs using Guid(dd895dc10aba232459d6d90c8931f27b) Importer(815301076,1909f56bfc062723c751e8b465ee728b)  -> (artifact id: '83ad481df038dca7cbae714802c1cc86') in 0.004468 seconds
  Import took 0.051164 seconds .

========================================================================
Received Import Request.
  Time since last request: 23.230485 seconds.
  path: Assets/Components/Creatures/Hero/Hero.cs
  artifactKey: Guid(dd895dc10aba232459d6d90c8931f27b) Importer(815301076,1909f56bfc062723c751e8b465ee728b)
Start importing Assets/Components/Creatures/Hero/Hero.cs using Guid(dd895dc10aba232459d6d90c8931f27b) Importer(815301076,1909f56bfc062723c751e8b465ee728b)  -> (artifact id: '9401f7fd68c851be91b43db24d0d5799') in 0.004192 seconds
  Import took 0.013399 seconds .

========================================================================
Received Prepare
Registering precompiled user dll's ...
Registered in 0.010237 seconds.
Begin MonoManager ReloadAssembly
Native extension for WindowsStandalone target not found
Native extension for OSXStandalone target not found
Refreshing native plugins compatible for Editor in 2.07 ms, found 3 plugins.
Preloading 0 native plugins for Editor in 0.00 ms.
Mono: successfully reloaded assembly
- Completed reload, in  2.981 seconds
Platform modules already initialized, skipping
Refreshing native plugins compatible for Editor in 2.30 ms, found 3 plugins.
Preloading 0 native plugins for Editor in 0.00 ms.
Unloading 2574 Unused Serialized files (Serialized files now loaded: 0)
System memory in use before: 113.0 MB.
System memory in use after: 113.3 MB.

Unloading 17 unused Assets to reduce memory usage. Loaded Objects now: 3130.
Total: 5.050900 ms (FindLiveObjects: 0.434600 ms CreateObjectMapping: 0.139600 ms MarkObjects: 4.431400 ms  DeleteObjects: 0.043200 ms)

========================================================================
Received Import Request.
  Time since last request: 13.017873 seconds.
  path: Assets/Components/Creatures/Hero/Hero.cs
  artifactKey: Guid(dd895dc10aba232459d6d90c8931f27b) Importer(815301076,1909f56bfc062723c751e8b465ee728b)
Start importing Assets/Components/Creatures/Hero/Hero.cs using Guid(dd895dc10aba232459d6d90c8931f27b) Importer(815301076,1909f56bfc062723c751e8b465ee728b)  -> (artifact id: '1e69197311e43e6a61c7008ebcb85ab5') in 0.013889 seconds
  Import took 0.025342 seconds .

========================================================================
Received Prepare
Registering precompiled user dll's ...
Registered in 0.007177 seconds.
Begin MonoManager ReloadAssembly
Native extension for WindowsStandalone target not found
Native extension for OSXStandalone target not found
Refreshing native plugins compatible for Editor in 1.41 ms, found 3 plugins.
Preloading 0 native plugins for Editor in 0.00 ms.
Mono: successfully reloaded assembly
- Completed reload, in  2.852 seconds
Platform modules already initialized, skipping
Refreshing native plugins compatible for Editor in 1.37 ms, found 3 plugins.
Preloading 0 native plugins for Editor in 0.00 ms.
Unloading 2574 Unused Serialized files (Serialized files now loaded: 0)
System memory in use before: 113.1 MB.
System memory in use after: 113.3 MB.

Unloading 17 unused Assets to reduce memory usage. Loaded Objects now: 3134.
Total: 5.175000 ms (FindLiveObjects: 0.497600 ms CreateObjectMapping: 0.163500 ms MarkObjects: 4.465500 ms  DeleteObjects: 0.045700 ms)

========================================================================
Received Import Request.
  Time since last request: 62.363999 seconds.
  path: Assets/Components/Creatures/Hero/Hero.cs
  artifactKey: Guid(dd895dc10aba232459d6d90c8931f27b) Importer(815301076,1909f56bfc062723c751e8b465ee728b)
Start importing Assets/Components/Creatures/Hero/Hero.cs using Guid(dd895dc10aba232459d6d90c8931f27b) Importer(815301076,1909f56bfc062723c751e8b465ee728b)  -> (artifact id: '46bf4a5e1c8f5a49d4c2aeac67125ff1') in 0.012364 seconds
  Import took 0.051285 seconds .

========================================================================
Received Prepare
Registering precompiled user dll's ...
Registered in 0.007205 seconds.
Begin MonoManager ReloadAssembly
Native extension for WindowsStandalone target not found
Native extension for OSXStandalone target not found
Refreshing native plugins compatible for Editor in 1.53 ms, found 3 plugins.
Preloading 0 native plugins for Editor in 0.00 ms.
Mono: successfully reloaded assembly
- Completed reload, in  2.886 seconds
Platform modules already initialized, skipping
Refreshing native plugins compatible for Editor in 1.88 ms, found 3 plugins.
Preloading 0 native plugins for Editor in 0.00 ms.
Unloading 2574 Unused Serialized files (Serialized files now loaded: 0)
System memory in use before: 113.1 MB.
System memory in use after: 113.3 MB.

Unloading 17 unused Assets to reduce memory usage. Loaded Objects now: 3138.
Total: 7.281100 ms (FindLiveObjects: 0.620800 ms CreateObjectMapping: 0.210600 ms MarkObjects: 6.362900 ms  DeleteObjects: 0.082900 ms)

========================================================================
Received Import Request.
  Time since last request: 50.169173 seconds.
  path: Assets/Components/Creatures/Hero/Hero.cs
  artifactKey: Guid(dd895dc10aba232459d6d90c8931f27b) Importer(815301076,1909f56bfc062723c751e8b465ee728b)
Start importing Assets/Components/Creatures/Hero/Hero.cs using Guid(dd895dc10aba232459d6d90c8931f27b) Importer(815301076,1909f56bfc062723c751e8b465ee728b)  -> (artifact id: '30000c1f87d1ce5c58953260b46128cb') in 0.014763 seconds
  Import took 0.067385 seconds .

========================================================================
Received Import Request.
  Time since last request: 4.646907 seconds.
  path: Assets/Components/Creatures/Hero/Hero.cs
  artifactKey: Guid(dd895dc10aba232459d6d90c8931f27b) Importer(815301076,1909f56bfc062723c751e8b465ee728b)
Start importing Assets/Components/Creatures/Hero/Hero.cs using Guid(dd895dc10aba232459d6d90c8931f27b) Importer(815301076,1909f56bfc062723c751e8b465ee728b)  -> (artifact id: '325fdabc4b12f239d1ec9fc5c400d176') in 0.005989 seconds
  Import took 0.054985 seconds .

========================================================================
Received Prepare
Registering precompiled user dll's ...
Registered in 0.007837 seconds.
Begin MonoManager ReloadAssembly
Native extension for WindowsStandalone target not found
Native extension for OSXStandalone target not found
Refreshing native plugins compatible for Editor in 1.54 ms, found 3 plugins.
Preloading 0 native plugins for Editor in 0.00 ms.
Mono: successfully reloaded assembly
- Completed reload, in  2.954 seconds
Platform modules already initialized, skipping
Refreshing native plugins compatible for Editor in 1.93 ms, found 3 plugins.
Preloading 0 native plugins for Editor in 0.00 ms.
Unloading 2574 Unused Serialized files (Serialized files now loaded: 0)
System memory in use before: 113.1 MB.
System memory in use after: 113.3 MB.

Unloading 17 unused Assets to reduce memory usage. Loaded Objects now: 3142.
Total: 6.415100 ms (FindLiveObjects: 0.551500 ms CreateObjectMapping: 0.190600 ms MarkObjects: 5.604600 ms  DeleteObjects: 0.065400 ms)

========================================================================
Received Import Request.
  Time since last request: 12.643437 seconds.
  path: Assets/Components/Creatures/Hero/Hero.cs
  artifactKey: Guid(dd895dc10aba232459d6d90c8931f27b) Importer(815301076,1909f56bfc062723c751e8b465ee728b)
Start importing Assets/Components/Creatures/Hero/Hero.cs using Guid(dd895dc10aba232459d6d90c8931f27b) Importer(815301076,1909f56bfc062723c751e8b465ee728b)  -> (artifact id: '271393d427bddc84aaf84b52cf44e86c') in 0.009414 seconds
  Import took 0.054733 seconds .

========================================================================
Received Prepare
Registering precompiled user dll's ...
Registered in 0.009353 seconds.
Begin MonoManager ReloadAssembly
Native extension for WindowsStandalone target not found
Native extension for OSXStandalone target not found
Refreshing native plugins compatible for Editor in 1.27 ms, found 3 plugins.
Preloading 0 native plugins for Editor in 0.00 ms.
Mono: successfully reloaded assembly
- Completed reload, in  2.845 seconds
Platform modules already initialized, skipping
Refreshing native plugins compatible for Editor in 1.39 ms, found 3 plugins.
Preloading 0 native plugins for Editor in 0.00 ms.
Unloading 2574 Unused Serialized files (Serialized files now loaded: 0)
System memory in use before: 113.1 MB.
System memory in use after: 113.3 MB.

Unloading 17 unused Assets to reduce memory usage. Loaded Objects now: 3146.
Total: 5.459100 ms (FindLiveObjects: 0.437300 ms CreateObjectMapping: 0.186300 ms MarkObjects: 4.778700 ms  DeleteObjects: 0.054400 ms)

========================================================================
Received Import Request.
  Time since last request: 207.589064 seconds.
  path: Assets/Components/Creatures/Hero/Hero.cs
  artifactKey: Guid(dd895dc10aba232459d6d90c8931f27b) Importer(815301076,1909f56bfc062723c751e8b465ee728b)
Start importing Assets/Components/Creatures/Hero/Hero.cs using Guid(dd895dc10aba232459d6d90c8931f27b) Importer(815301076,1909f56bfc062723c751e8b465ee728b)  -> (artifact id: '18c1429f9ad90e3b8a0d26c389a50487') in 0.039387 seconds
  Import took 0.058295 seconds .

========================================================================
Received Import Request.
  Time since last request: 72.312271 seconds.
  path: Assets/Components/Creatures/Hero/Hero.cs
  artifactKey: Guid(dd895dc10aba232459d6d90c8931f27b) Importer(815301076,1909f56bfc062723c751e8b465ee728b)
Start importing Assets/Components/Creatures/Hero/Hero.cs using Guid(dd895dc10aba232459d6d90c8931f27b) Importer(815301076,1909f56bfc062723c751e8b465ee728b)  -> (artifact id: 'd61f6f547bea75025f0682d6b0c93b1e') in 0.004940 seconds
  Import took 0.031607 seconds .

========================================================================
Received Import Request.
  Time since last request: 1019.220179 seconds.
  path: Assets/Components/Creatures/Hero/Hero.cs
  artifactKey: Guid(dd895dc10aba232459d6d90c8931f27b) Importer(815301076,1909f56bfc062723c751e8b465ee728b)
Start importing Assets/Components/Creatures/Hero/Hero.cs using Guid(dd895dc10aba232459d6d90c8931f27b) Importer(815301076,1909f56bfc062723c751e8b465ee728b)  -> (artifact id: 'fe5cd018280f203423a541608af8668e') in 0.002785 seconds
  Import took 0.064449 seconds .

========================================================================
Received Prepare
Registering precompiled user dll's ...
Registered in 0.005027 seconds.
Begin MonoManager ReloadAssembly
Native extension for WindowsStandalone target not found
Native extension for OSXStandalone target not found
Refreshing native plugins compatible for Editor in 0.94 ms, found 3 plugins.
Preloading 0 native plugins for Editor in 0.00 ms.
Mono: successfully reloaded assembly
- Completed reload, in  1.576 seconds
Platform modules already initialized, skipping
Refreshing native plugins compatible for Editor in 0.86 ms, found 3 plugins.
Preloading 0 native plugins for Editor in 0.00 ms.
Unloading 2574 Unused Serialized files (Serialized files now loaded: 0)
System memory in use before: 113.1 MB.
System memory in use after: 113.3 MB.

Unloading 17 unused Assets to reduce memory usage. Loaded Objects now: 3150.
Total: 3.214800 ms (FindLiveObjects: 0.377400 ms CreateObjectMapping: 0.181800 ms MarkObjects: 2.626000 ms  DeleteObjects: 0.028000 ms)

========================================================================
Received Prepare
Registering precompiled user dll's ...
Registered in 0.008808 seconds.
Begin MonoManager ReloadAssembly
Native extension for WindowsStandalone target not found
Native extension for OSXStandalone target not found
Refreshing native plugins compatible for Editor in 1.45 ms, found 3 plugins.
Preloading 0 native plugins for Editor in 0.00 ms.
Mono: successfully reloaded assembly
- Completed reload, in  2.954 seconds
Platform modules already initialized, skipping
Refreshing native plugins compatible for Editor in 1.60 ms, found 3 plugins.
Preloading 0 native plugins for Editor in 0.00 ms.
Unloading 2574 Unused Serialized files (Serialized files now loaded: 0)
System memory in use before: 113.1 MB.
System memory in use after: 113.3 MB.

Unloading 17 unused Assets to reduce memory usage. Loaded Objects now: 3154.
Total: 5.746000 ms (FindLiveObjects: 0.491900 ms CreateObjectMapping: 0.170900 ms MarkObjects: 5.032400 ms  DeleteObjects: 0.048000 ms)

========================================================================
Received Prepare
Registering precompiled user dll's ...
Registered in 0.008654 seconds.
Begin MonoManager ReloadAssembly
Native extension for WindowsStandalone target not found
Native extension for OSXStandalone target not found
Refreshing native plugins compatible for Editor in 1.34 ms, found 3 plugins.
Preloading 0 native plugins for Editor in 0.00 ms.
Mono: successfully reloaded assembly
- Completed reload, in  3.092 seconds
Platform modules already initialized, skipping
Refreshing native plugins compatible for Editor in 1.36 ms, found 3 plugins.
Preloading 0 native plugins for Editor in 0.00 ms.
Unloading 2574 Unused Serialized files (Serialized files now loaded: 0)
System memory in use before: 113.1 MB.
System memory in use after: 113.3 MB.

Unloading 17 unused Assets to reduce memory usage. Loaded Objects now: 3158.
Total: 5.526400 ms (FindLiveObjects: 0.478300 ms CreateObjectMapping: 0.165600 ms MarkObjects: 4.823400 ms  DeleteObjects: 0.056100 ms)

========================================================================
Received Prepare
Registering precompiled user dll's ...
Registered in 0.010637 seconds.
Begin MonoManager ReloadAssembly
Native extension for WindowsStandalone target not found
Native extension for OSXStandalone target not found
Refreshing native plugins compatible for Editor in 1.86 ms, found 3 plugins.
Preloading 0 native plugins for Editor in 0.00 ms.
Mono: successfully reloaded assembly
- Completed reload, in  2.840 seconds
Platform modules already initialized, skipping
Refreshing native plugins compatible for Editor in 1.45 ms, found 3 plugins.
Preloading 0 native plugins for Editor in 0.00 ms.
Unloading 2574 Unused Serialized files (Serialized files now loaded: 0)
System memory in use before: 113.1 MB.
System memory in use after: 113.3 MB.

Unloading 17 unused Assets to reduce memory usage. Loaded Objects now: 3162.
Total: 6.139900 ms (FindLiveObjects: 0.477000 ms CreateObjectMapping: 0.181900 ms MarkObjects: 5.424700 ms  DeleteObjects: 0.053000 ms)

========================================================================
Received Prepare
Registering precompiled user dll's ...
Registered in 0.010365 seconds.
Begin MonoManager ReloadAssembly
Native extension for WindowsStandalone target not found
Native extension for OSXStandalone target not found
Refreshing native plugins compatible for Editor in 1.30 ms, found 3 plugins.
Preloading 0 native plugins for Editor in 0.00 ms.
Mono: successfully reloaded assembly
- Completed reload, in  2.950 seconds
Platform modules already initialized, skipping
Refreshing native plugins compatible for Editor in 1.36 ms, found 3 plugins.
Preloading 0 native plugins for Editor in 0.00 ms.
Unloading 2574 Unused Serialized files (Serialized files now loaded: 0)
System memory in use before: 113.1 MB.
System memory in use after: 113.4 MB.

Unloading 17 unused Assets to reduce memory usage. Loaded Objects now: 3166.
Total: 5.516600 ms (FindLiveObjects: 0.751700 ms CreateObjectMapping: 0.332900 ms MarkObjects: 4.379600 ms  DeleteObjects: 0.049800 ms)

========================================================================
Received Prepare
Registering precompiled user dll's ...
Registered in 0.008671 seconds.
Begin MonoManager ReloadAssembly
Native extension for WindowsStandalone target not found
Native extension for OSXStandalone target not found
Refreshing native plugins compatible for Editor in 1.69 ms, found 3 plugins.
Preloading 0 native plugins for Editor in 0.00 ms.
Mono: successfully reloaded assembly
- Completed reload, in  2.931 seconds
Platform modules already initialized, skipping
Refreshing native plugins compatible for Editor in 2.04 ms, found 3 plugins.
Preloading 0 native plugins for Editor in 0.00 ms.
Unloading 2574 Unused Serialized files (Serialized files now loaded: 0)
System memory in use before: 113.0 MB.
System memory in use after: 113.3 MB.

Unloading 17 unused Assets to reduce memory usage. Loaded Objects now: 3170.
Total: 7.116300 ms (FindLiveObjects: 0.464500 ms CreateObjectMapping: 0.183400 ms MarkObjects: 6.413800 ms  DeleteObjects: 0.051400 ms)

========================================================================
Received Prepare
Registering precompiled user dll's ...
Registered in 0.007430 seconds.
Begin MonoManager ReloadAssembly
Native extension for WindowsStandalone target not found
Native extension for OSXStandalone target not found
Refreshing native plugins compatible for Editor in 1.67 ms, found 3 plugins.
Preloading 0 native plugins for Editor in 0.00 ms.
Mono: successfully reloaded assembly
- Completed reload, in  3.095 seconds
Platform modules already initialized, skipping
Refreshing native plugins compatible for Editor in 1.51 ms, found 3 plugins.
Preloading 0 native plugins for Editor in 0.00 ms.
Unloading 2574 Unused Serialized files (Serialized files now loaded: 0)
System memory in use before: 113.1 MB.
System memory in use after: 113.3 MB.

Unloading 17 unused Assets to reduce memory usage. Loaded Objects now: 3174.
Total: 6.010300 ms (FindLiveObjects: 0.502600 ms CreateObjectMapping: 0.227200 ms MarkObjects: 5.233700 ms  DeleteObjects: 0.043700 ms)

========================================================================
Received Prepare
Registering precompiled user dll's ...
Registered in 0.008668 seconds.
Begin MonoManager ReloadAssembly
Native extension for WindowsStandalone target not found
Native extension for OSXStandalone target not found
Refreshing native plugins compatible for Editor in 1.45 ms, found 3 plugins.
Preloading 0 native plugins for Editor in 0.00 ms.
Mono: successfully reloaded assembly
- Completed reload, in  2.927 seconds
Platform modules already initialized, skipping
Refreshing native plugins compatible for Editor in 1.48 ms, found 3 plugins.
Preloading 0 native plugins for Editor in 0.00 ms.
Unloading 2574 Unused Serialized files (Serialized files now loaded: 0)
System memory in use before: 113.2 MB.
System memory in use after: 113.4 MB.

Unloading 17 unused Assets to reduce memory usage. Loaded Objects now: 3178.
Total: 5.863600 ms (FindLiveObjects: 0.512000 ms CreateObjectMapping: 0.197200 ms MarkObjects: 5.107000 ms  DeleteObjects: 0.045200 ms)

========================================================================
Received Prepare
Registering precompiled user dll's ...
Registered in 0.007541 seconds.
Begin MonoManager ReloadAssembly
Native extension for WindowsStandalone target not found
Native extension for OSXStandalone target not found
Refreshing native plugins compatible for Editor in 1.20 ms, found 3 plugins.
Preloading 0 native plugins for Editor in 0.00 ms.
Mono: successfully reloaded assembly
- Completed reload, in  2.989 seconds
Platform modules already initialized, skipping
Refreshing native plugins compatible for Editor in 2.26 ms, found 3 plugins.
Preloading 0 native plugins for Editor in 0.00 ms.
Unloading 2574 Unused Serialized files (Serialized files now loaded: 0)
System memory in use before: 113.2 MB.
System memory in use after: 113.4 MB.

Unloading 17 unused Assets to reduce memory usage. Loaded Objects now: 3182.
Total: 4.690600 ms (FindLiveObjects: 0.444400 ms CreateObjectMapping: 0.144500 ms MarkObjects: 4.054600 ms  DeleteObjects: 0.045000 ms)

========================================================================
Received Prepare
Registering precompiled user dll's ...
Registered in 0.009787 seconds.
Begin MonoManager ReloadAssembly
Native extension for WindowsStandalone target not found
Native extension for OSXStandalone target not found
Refreshing native plugins compatible for Editor in 1.40 ms, found 3 plugins.
Preloading 0 native plugins for Editor in 0.00 ms.
Mono: successfully reloaded assembly
- Completed reload, in  2.879 seconds
Platform modules already initialized, skipping
Refreshing native plugins compatible for Editor in 1.68 ms, found 3 plugins.
Preloading 0 native plugins for Editor in 0.00 ms.
Unloading 2574 Unused Serialized files (Serialized files now loaded: 0)
System memory in use before: 113.2 MB.
System memory in use after: 113.4 MB.

Unloading 17 unused Assets to reduce memory usage. Loaded Objects now: 3186.
Total: 5.261700 ms (FindLiveObjects: 0.492400 ms CreateObjectMapping: 0.167900 ms MarkObjects: 4.552000 ms  DeleteObjects: 0.047200 ms)

========================================================================
Received Prepare
Registering precompiled user dll's ...
Registered in 0.005235 seconds.
Begin MonoManager ReloadAssembly
Native extension for WindowsStandalone target not found
Native extension for OSXStandalone target not found
Refreshing native plugins compatible for Editor in 0.91 ms, found 3 plugins.
Preloading 0 native plugins for Editor in 0.00 ms.
Mono: successfully reloaded assembly
- Completed reload, in  1.615 seconds
Platform modules already initialized, skipping
Refreshing native plugins compatible for Editor in 0.92 ms, found 3 plugins.
Preloading 0 native plugins for Editor in 0.00 ms.
Unloading 2574 Unused Serialized files (Serialized files now loaded: 0)
System memory in use before: 113.2 MB.
System memory in use after: 113.4 MB.

Unloading 17 unused Assets to reduce memory usage. Loaded Objects now: 3190.
Total: 4.293500 ms (FindLiveObjects: 0.459700 ms CreateObjectMapping: 0.183800 ms MarkObjects: 3.611000 ms  DeleteObjects: 0.036200 ms)

========================================================================
Received Prepare
Registering precompiled user dll's ...
Registered in 0.005106 seconds.
Begin MonoManager ReloadAssembly
Native extension for WindowsStandalone target not found
Native extension for OSXStandalone target not found
Refreshing native plugins compatible for Editor in 1.34 ms, found 3 plugins.
Preloading 0 native plugins for Editor in 0.00 ms.
Mono: successfully reloaded assembly
- Completed reload, in  1.656 seconds
Platform modules already initialized, skipping
Refreshing native plugins compatible for Editor in 1.19 ms, found 3 plugins.
Preloading 0 native plugins for Editor in 0.00 ms.
Unloading 2574 Unused Serialized files (Serialized files now loaded: 0)
System memory in use before: 113.1 MB.
System memory in use after: 113.3 MB.

Unloading 17 unused Assets to reduce memory usage. Loaded Objects now: 3194.
Total: 3.772100 ms (FindLiveObjects: 0.369500 ms CreateObjectMapping: 0.137600 ms MarkObjects: 3.226100 ms  DeleteObjects: 0.036700 ms)

========================================================================
Received Prepare
Registering precompiled user dll's ...
Registered in 0.008225 seconds.
Begin MonoManager ReloadAssembly
Native extension for WindowsStandalone target not found
Native extension for OSXStandalone target not found
Refreshing native plugins compatible for Editor in 0.95 ms, found 3 plugins.
Preloading 0 native plugins for Editor in 0.00 ms.
Mono: successfully reloaded assembly
- Completed reload, in  1.662 seconds
Platform modules already initialized, skipping
Refreshing native plugins compatible for Editor in 1.24 ms, found 3 plugins.
Preloading 0 native plugins for Editor in 0.00 ms.
Unloading 2574 Unused Serialized files (Serialized files now loaded: 0)
System memory in use before: 113.2 MB.
System memory in use after: 113.4 MB.

Unloading 17 unused Assets to reduce memory usage. Loaded Objects now: 3198.
Total: 4.659200 ms (FindLiveObjects: 0.495000 ms CreateObjectMapping: 0.489700 ms MarkObjects: 3.640800 ms  DeleteObjects: 0.031800 ms)

========================================================================
Received Prepare
Registering precompiled user dll's ...
Registered in 0.004989 seconds.
Begin MonoManager ReloadAssembly
Native extension for WindowsStandalone target not found
Native extension for OSXStandalone target not found
Refreshing native plugins compatible for Editor in 1.42 ms, found 3 plugins.
Preloading 0 native plugins for Editor in 0.00 ms.
Mono: successfully reloaded assembly
- Completed reload, in  2.106 seconds
Platform modules already initialized, skipping
Refreshing native plugins compatible for Editor in 0.95 ms, found 3 plugins.
Preloading 0 native plugins for Editor in 0.00 ms.
Unloading 2574 Unused Serialized files (Serialized files now loaded: 0)
System memory in use before: 113.2 MB.
System memory in use after: 113.4 MB.

Unloading 17 unused Assets to reduce memory usage. Loaded Objects now: 3202.
Total: 4.907100 ms (FindLiveObjects: 0.443500 ms CreateObjectMapping: 0.184200 ms MarkObjects: 4.237200 ms  DeleteObjects: 0.040000 ms)

========================================================================
Received Prepare
Registering precompiled user dll's ...
Registered in 0.011273 seconds.
Begin MonoManager ReloadAssembly
Native extension for WindowsStandalone target not found
Native extension for OSXStandalone target not found
Refreshing native plugins compatible for Editor in 1.32 ms, found 3 plugins.
Preloading 0 native plugins for Editor in 0.00 ms.
Mono: successfully reloaded assembly
- Completed reload, in  2.864 seconds
Platform modules already initialized, skipping
Refreshing native plugins compatible for Editor in 1.37 ms, found 3 plugins.
Preloading 0 native plugins for Editor in 0.00 ms.
Unloading 2574 Unused Serialized files (Serialized files now loaded: 0)
System memory in use before: 113.2 MB.
System memory in use after: 113.5 MB.

Unloading 17 unused Assets to reduce memory usage. Loaded Objects now: 3206.
Total: 8.760900 ms (FindLiveObjects: 0.547500 ms CreateObjectMapping: 0.173200 ms MarkObjects: 7.970200 ms  DeleteObjects: 0.066600 ms)

========================================================================
Received Prepare
Registering precompiled user dll's ...
Registered in 0.010358 seconds.
Begin MonoManager ReloadAssembly
Native extension for WindowsStandalone target not found
Native extension for OSXStandalone target not found
Refreshing native plugins compatible for Editor in 1.53 ms, found 3 plugins.
Preloading 0 native plugins for Editor in 0.00 ms.
Mono: successfully reloaded assembly
- Completed reload, in  2.858 seconds
Platform modules already initialized, skipping
Refreshing native plugins compatible for Editor in 1.44 ms, found 3 plugins.
Preloading 0 native plugins for Editor in 0.00 ms.
Unloading 2574 Unused Serialized files (Serialized files now loaded: 0)
System memory in use before: 113.2 MB.
System memory in use after: 113.5 MB.

Unloading 17 unused Assets to reduce memory usage. Loaded Objects now: 3210.
Total: 5.572500 ms (FindLiveObjects: 0.467100 ms CreateObjectMapping: 0.179900 ms MarkObjects: 4.876500 ms  DeleteObjects: 0.046900 ms)

========================================================================
Received Prepare
Registering precompiled user dll's ...
Registered in 0.010287 seconds.
Begin MonoManager ReloadAssembly
Native extension for WindowsStandalone target not found
Native extension for OSXStandalone target not found
Refreshing native plugins compatible for Editor in 1.34 ms, found 3 plugins.
Preloading 0 native plugins for Editor in 0.00 ms.
Mono: successfully reloaded assembly
- Completed reload, in  2.786 seconds
Platform modules already initialized, skipping
Refreshing native plugins compatible for Editor in 1.39 ms, found 3 plugins.
Preloading 0 native plugins for Editor in 0.00 ms.
Unloading 2574 Unused Serialized files (Serialized files now loaded: 0)
System memory in use before: 113.2 MB.
System memory in use after: 113.5 MB.

Unloading 17 unused Assets to reduce memory usage. Loaded Objects now: 3214.
Total: 4.897600 ms (FindLiveObjects: 0.462000 ms CreateObjectMapping: 0.141400 ms MarkObjects: 4.250300 ms  DeleteObjects: 0.041400 ms)

========================================================================
Received Prepare
Registering precompiled user dll's ...
Registered in 0.010340 seconds.
Begin MonoManager ReloadAssembly
Native extension for WindowsStandalone target not found
Native extension for OSXStandalone target not found
Refreshing native plugins compatible for Editor in 1.35 ms, found 3 plugins.
Preloading 0 native plugins for Editor in 0.00 ms.
Mono: successfully reloaded assembly
- Completed reload, in  2.990 seconds
Platform modules already initialized, skipping
Refreshing native plugins compatible for Editor in 1.41 ms, found 3 plugins.
Preloading 0 native plugins for Editor in 0.00 ms.
Unloading 2574 Unused Serialized files (Serialized files now loaded: 0)
System memory in use before: 113.2 MB.
System memory in use after: 113.5 MB.

Unloading 17 unused Assets to reduce memory usage. Loaded Objects now: 3218.
Total: 6.071800 ms (FindLiveObjects: 0.470400 ms CreateObjectMapping: 0.196800 ms MarkObjects: 5.356400 ms  DeleteObjects: 0.045600 ms)

========================================================================
Received Prepare
Registering precompiled user dll's ...
Registered in 0.009727 seconds.
Begin MonoManager ReloadAssembly
Native extension for WindowsStandalone target not found
Native extension for OSXStandalone target not found
Refreshing native plugins compatible for Editor in 1.75 ms, found 3 plugins.
Preloading 0 native plugins for Editor in 0.00 ms.
Mono: successfully reloaded assembly
- Completed reload, in  2.955 seconds
Platform modules already initialized, skipping
Refreshing native plugins compatible for Editor in 1.31 ms, found 3 plugins.
Preloading 0 native plugins for Editor in 0.00 ms.
Unloading 2574 Unused Serialized files (Serialized files now loaded: 0)
System memory in use before: 113.2 MB.
System memory in use after: 113.5 MB.

Unloading 17 unused Assets to reduce memory usage. Loaded Objects now: 3222.
Total: 6.005800 ms (FindLiveObjects: 0.454100 ms CreateObjectMapping: 0.195300 ms MarkObjects: 5.311400 ms  DeleteObjects: 0.042400 ms)

========================================================================
Received Prepare
Registering precompiled user dll's ...
Registered in 0.009877 seconds.
Begin MonoManager ReloadAssembly
Native extension for WindowsStandalone target not found
Native extension for OSXStandalone target not found
Refreshing native plugins compatible for Editor in 1.36 ms, found 3 plugins.
Preloading 0 native plugins for Editor in 0.00 ms.
Mono: successfully reloaded assembly
- Completed reload, in  2.969 seconds
Platform modules already initialized, skipping
Refreshing native plugins compatible for Editor in 1.49 ms, found 3 plugins.
Preloading 0 native plugins for Editor in 0.00 ms.
Unloading 2574 Unused Serialized files (Serialized files now loaded: 0)
System memory in use before: 113.2 MB.
System memory in use after: 113.5 MB.

Unloading 17 unused Assets to reduce memory usage. Loaded Objects now: 3226.
Total: 5.573600 ms (FindLiveObjects: 0.486000 ms CreateObjectMapping: 0.181900 ms MarkObjects: 4.856600 ms  DeleteObjects: 0.046700 ms)

========================================================================
Received Prepare
Registering precompiled user dll's ...
Registered in 0.010851 seconds.
Begin MonoManager ReloadAssembly
Native extension for WindowsStandalone target not found
Native extension for OSXStandalone target not found
Refreshing native plugins compatible for Editor in 1.87 ms, found 3 plugins.
Preloading 0 native plugins for Editor in 0.00 ms.
Mono: successfully reloaded assembly
- Completed reload, in  2.763 seconds
Platform modules already initialized, skipping
Refreshing native plugins compatible for Editor in 1.35 ms, found 3 plugins.
Preloading 0 native plugins for Editor in 0.00 ms.
Unloading 2574 Unused Serialized files (Serialized files now loaded: 0)
System memory in use before: 113.3 MB.
System memory in use after: 113.5 MB.

Unloading 17 unused Assets to reduce memory usage. Loaded Objects now: 3230.
Total: 6.659600 ms (FindLiveObjects: 0.560600 ms CreateObjectMapping: 0.207900 ms MarkObjects: 5.830100 ms  DeleteObjects: 0.058300 ms)

========================================================================
Received Prepare
Registering precompiled user dll's ...
Registered in 0.008791 seconds.
Begin MonoManager ReloadAssembly
Native extension for WindowsStandalone target not found
Native extension for OSXStandalone target not found
Refreshing native plugins compatible for Editor in 1.61 ms, found 3 plugins.
Preloading 0 native plugins for Editor in 0.00 ms.
Mono: successfully reloaded assembly
- Completed reload, in  2.808 seconds
Platform modules already initialized, skipping
Refreshing native plugins compatible for Editor in 1.40 ms, found 3 plugins.
Preloading 0 native plugins for Editor in 0.00 ms.
Unloading 2574 Unused Serialized files (Serialized files now loaded: 0)
System memory in use before: 113.3 MB.
System memory in use after: 113.5 MB.

Unloading 17 unused Assets to reduce memory usage. Loaded Objects now: 3234.
Total: 5.480400 ms (FindLiveObjects: 0.489500 ms CreateObjectMapping: 0.166500 ms MarkObjects: 4.779700 ms  DeleteObjects: 0.042700 ms)

========================================================================
Received Prepare
Registering precompiled user dll's ...
Registered in 0.010094 seconds.
Begin MonoManager ReloadAssembly
Native extension for WindowsStandalone target not found
Native extension for OSXStandalone target not found
Refreshing native plugins compatible for Editor in 1.99 ms, found 3 plugins.
Preloading 0 native plugins for Editor in 0.00 ms.
Mono: successfully reloaded assembly
- Completed reload, in  2.705 seconds
Platform modules already initialized, skipping
Refreshing native plugins compatible for Editor in 1.73 ms, found 3 plugins.
Preloading 0 native plugins for Editor in 0.00 ms.
Unloading 2574 Unused Serialized files (Serialized files now loaded: 0)
System memory in use before: 113.2 MB.
System memory in use after: 113.4 MB.

Unloading 17 unused Assets to reduce memory usage. Loaded Objects now: 3238.
Total: 5.275800 ms (FindLiveObjects: 0.453100 ms CreateObjectMapping: 0.182600 ms MarkObjects: 4.593300 ms  DeleteObjects: 0.044400 ms)

========================================================================
Received Prepare
Registering precompiled user dll's ...
Registered in 0.009653 seconds.
Begin MonoManager ReloadAssembly
Native extension for WindowsStandalone target not found
Native extension for OSXStandalone target not found
Refreshing native plugins compatible for Editor in 1.56 ms, found 3 plugins.
Preloading 0 native plugins for Editor in 0.00 ms.
Mono: successfully reloaded assembly
- Completed reload, in  3.093 seconds
Platform modules already initialized, skipping
Refreshing native plugins compatible for Editor in 1.42 ms, found 3 plugins.
Preloading 0 native plugins for Editor in 0.00 ms.
Unloading 2574 Unused Serialized files (Serialized files now loaded: 0)
System memory in use before: 113.2 MB.
System memory in use after: 113.4 MB.

Unloading 17 unused Assets to reduce memory usage. Loaded Objects now: 3242.
Total: 5.859200 ms (FindLiveObjects: 0.505700 ms CreateObjectMapping: 0.186900 ms MarkObjects: 5.109500 ms  DeleteObjects: 0.054500 ms)

